{"/workspaces/English_galgame/apps/web/src/components/ChoiceList.tsx": {"path":"/workspaces/English_galgame/apps/web/src/components/ChoiceList.tsx","statementMap":{"0":{"start":{"line":14,"column":19},"end":{"line":47,"column":null}},"1":{"start":{"line":15,"column":21},"end":{"line":15,"column":null}},"2":{"start":{"line":17,"column":2},"end":{"line":45,"column":null}},"3":{"start":{"line":25,"column":29},"end":{"line":25,"column":null}},"4":{"start":{"line":26,"column":32},"end":{"line":26,"column":null}},"5":{"start":{"line":28,"column":10},"end":{"line":41,"column":null}},"6":{"start":{"line":31,"column":29},"end":{"line":31,"column":null}}},"fnMap":{"0":{"name":"(anonymous_0)","decl":{"start":{"line":14,"column":19},"end":{"line":14,"column":20}},"loc":{"start":{"line":14,"column":81},"end":{"line":47,"column":null}},"line":14},"1":{"name":"(anonymous_1)","decl":{"start":{"line":24,"column":21},"end":{"line":24,"column":22}},"loc":{"start":{"line":24,"column":40},"end":{"line":43,"column":9}},"line":24},"2":{"name":"(anonymous_2)","decl":{"start":{"line":31,"column":23},"end":{"line":31,"column":29}},"loc":{"start":{"line":31,"column":29},"end":{"line":31,"column":null}},"line":31}},"branchMap":{"0":{"loc":{"start":{"line":15,"column":21},"end":{"line":15,"column":null}},"type":"cond-expr","locations":[{"start":{"line":15,"column":41},"end":{"line":15,"column":53}},{"start":{"line":15,"column":53},"end":{"line":15,"column":null}}],"line":15},"1":{"loc":{"start":{"line":25,"column":29},"end":{"line":25,"column":null}},"type":"cond-expr","locations":[{"start":{"line":25,"column":49},"end":{"line":25,"column":66}},{"start":{"line":25,"column":66},"end":{"line":25,"column":null}}],"line":25},"2":{"loc":{"start":{"line":26,"column":32},"end":{"line":26,"column":null}},"type":"cond-expr","locations":[{"start":{"line":26,"column":52},"end":{"line":26,"column":69}},{"start":{"line":26,"column":69},"end":{"line":26,"column":null}}],"line":26}},"s":{"0":1,"1":10,"2":10,"3":25,"4":25,"5":25,"6":6},"f":{"0":10,"1":25,"2":6},"b":{"0":[9,1],"1":[22,3],"2":[22,3]},"meta":{"lastBranch":3,"lastFunction":3,"lastStatement":7,"seen":{"s:14:19:47:Infinity":0,"f:14:19:14:20":0,"s:15:21:15:Infinity":1,"b:15:41:15:53:15:53:15:Infinity":0,"s:17:2:45:Infinity":2,"f:24:21:24:22":1,"s:25:29:25:Infinity":3,"b:25:49:25:66:25:66:25:Infinity":1,"s:26:32:26:Infinity":4,"b:26:52:26:69:26:69:26:Infinity":2,"s:28:10:41:Infinity":5,"f:31:23:31:29":2,"s:31:29:31:Infinity":6}}}
,"/workspaces/English_galgame/apps/web/src/components/DialogueBox.tsx": {"path":"/workspaces/English_galgame/apps/web/src/components/DialogueBox.tsx","statementMap":{"0":{"start":{"line":14,"column":20},"end":{"line":50,"column":null}},"1":{"start":{"line":15,"column":22},"end":{"line":15,"column":null}},"2":{"start":{"line":16,"column":24},"end":{"line":20,"column":null}},"3":{"start":{"line":22,"column":2},"end":{"line":48,"column":null}}},"fnMap":{"0":{"name":"(anonymous_0)","decl":{"start":{"line":14,"column":20},"end":{"line":14,"column":21}},"loc":{"start":{"line":14,"column":81},"end":{"line":50,"column":null}},"line":14}},"branchMap":{"0":{"loc":{"start":{"line":15,"column":22},"end":{"line":15,"column":null}},"type":"cond-expr","locations":[{"start":{"line":15,"column":42},"end":{"line":15,"column":52}},{"start":{"line":15,"column":52},"end":{"line":15,"column":null}}],"line":15},"1":{"loc":{"start":{"line":16,"column":24},"end":{"line":20,"column":null}},"type":"cond-expr","locations":[{"start":{"line":17,"column":6},"end":{"line":19,"column":null}},{"start":{"line":20,"column":6},"end":{"line":20,"column":null}}],"line":16},"2":{"loc":{"start":{"line":17,"column":6},"end":{"line":19,"column":null}},"type":"cond-expr","locations":[{"start":{"line":18,"column":8},"end":{"line":18,"column":null}},{"start":{"line":19,"column":8},"end":{"line":19,"column":null}}],"line":17},"3":{"loc":{"start":{"line":25,"column":7},"end":{"line":26,"column":null}},"type":"binary-expr","locations":[{"start":{"line":25,"column":7},"end":{"line":25,"column":null}},{"start":{"line":26,"column":8},"end":{"line":26,"column":null}}],"line":25},"4":{"loc":{"start":{"line":35,"column":7},"end":{"line":36,"column":null}},"type":"binary-expr","locations":[{"start":{"line":35,"column":7},"end":{"line":35,"column":null}},{"start":{"line":36,"column":8},"end":{"line":36,"column":null}}],"line":35}},"s":{"0":1,"1":7,"2":7,"3":7},"f":{"0":7},"b":{"0":[6,1],"1":[6,1],"2":[5,1],"3":[7,6],"4":[7,6]},"meta":{"lastBranch":5,"lastFunction":1,"lastStatement":4,"seen":{"s:14:20:50:Infinity":0,"f:14:20:14:21":0,"s:15:22:15:Infinity":1,"b:15:42:15:52:15:52:15:Infinity":0,"s:16:24:20:Infinity":2,"b:17:6:19:Infinity:20:6:20:Infinity":1,"b:18:8:18:Infinity:19:8:19:Infinity":2,"s:22:2:48:Infinity":3,"b:25:7:25:Infinity:26:8:26:Infinity":3,"b:35:7:35:Infinity:36:8:36:Infinity":4}}}
,"/workspaces/English_galgame/apps/web/src/engine/cardLoader.ts": {"path":"/workspaces/English_galgame/apps/web/src/engine/cardLoader.ts","statementMap":{"0":{"start":{"line":9,"column":46},"end":{"line":11,"column":null}},"1":{"start":{"line":14,"column":2},"end":{"line":14,"column":null}},"2":{"start":{"line":15,"column":16},"end":{"line":15,"column":null}},"3":{"start":{"line":16,"column":2},"end":{"line":16,"column":null}},"4":{"start":{"line":17,"column":2},"end":{"line":17,"column":null}},"5":{"start":{"line":24,"column":2},"end":{"line":24,"column":null}},"6":{"start":{"line":24,"column":35},"end":{"line":24,"column":71}}},"fnMap":{"0":{"name":"loadLessonCards","decl":{"start":{"line":13,"column":22},"end":{"line":13,"column":38}},"loc":{"start":{"line":13,"column":80},"end":{"line":18,"column":null}},"line":13},"1":{"name":"filterLearnedCards","decl":{"start":{"line":20,"column":16},"end":{"line":20,"column":null}},"loc":{"start":{"line":23,"column":16},"end":{"line":25,"column":null}},"line":23},"2":{"name":"(anonymous_2)","decl":{"start":{"line":24,"column":25},"end":{"line":24,"column":26}},"loc":{"start":{"line":24,"column":35},"end":{"line":24,"column":71}},"line":24}},"branchMap":{"0":{"loc":{"start":{"line":15,"column":16},"end":{"line":15,"column":null}},"type":"binary-expr","locations":[{"start":{"line":15,"column":16},"end":{"line":15,"column":38}},{"start":{"line":15,"column":38},"end":{"line":15,"column":null}}],"line":15}},"s":{"0":1,"1":4,"2":4,"3":4,"4":4,"5":5,"6":12},"f":{"0":4,"1":5,"2":12},"b":{"0":[4,1]},"meta":{"lastBranch":1,"lastFunction":3,"lastStatement":7,"seen":{"s:9:46:11:Infinity":0,"f:13:22:13:38":0,"s:14:2:14:Infinity":1,"s:15:16:15:Infinity":2,"b:15:16:15:38:15:38:15:Infinity":0,"s:16:2:16:Infinity":3,"s:17:2:17:Infinity":4,"f:20:16:20:Infinity":1,"s:24:2:24:Infinity":5,"f:24:25:24:26":2,"s:24:35:24:71":6}}}
,"/workspaces/English_galgame/apps/web/src/engine/loader.ts": {"path":"/workspaces/English_galgame/apps/web/src/engine/loader.ts","statementMap":{"0":{"start":{"line":11,"column":2},"end":{"line":17,"column":null}},"1":{"start":{"line":12,"column":19},"end":{"line":12,"column":null}},"2":{"start":{"line":12,"column":50},"end":{"line":12,"column":null}},"3":{"start":{"line":13,"column":4},"end":{"line":13,"column":null}},"4":{"start":{"line":15,"column":4},"end":{"line":15,"column":null}},"5":{"start":{"line":16,"column":4},"end":{"line":16,"column":null}},"6":{"start":{"line":21,"column":2},"end":{"line":23,"column":null}},"7":{"start":{"line":22,"column":4},"end":{"line":22,"column":null}},"8":{"start":{"line":26,"column":17},"end":{"line":26,"column":null}},"9":{"start":{"line":27,"column":16},"end":{"line":27,"column":null}},"10":{"start":{"line":29,"column":2},"end":{"line":41,"column":null}},"11":{"start":{"line":30,"column":4},"end":{"line":40,"column":null}},"12":{"start":{"line":31,"column":6},"end":{"line":31,"column":null}},"13":{"start":{"line":32,"column":4},"end":{"line":40,"column":null}},"14":{"start":{"line":33,"column":6},"end":{"line":33,"column":null}},"15":{"start":{"line":34,"column":4},"end":{"line":40,"column":null}},"16":{"start":{"line":35,"column":6},"end":{"line":39,"column":null}},"17":{"start":{"line":36,"column":8},"end":{"line":38,"column":null}},"18":{"start":{"line":37,"column":10},"end":{"line":37,"column":null}},"19":{"start":{"line":44,"column":2},"end":{"line":49,"column":null}},"20":{"start":{"line":45,"column":4},"end":{"line":48,"column":null}},"21":{"start":{"line":46,"column":6},"end":{"line":46,"column":null}},"22":{"start":{"line":47,"column":6},"end":{"line":47,"column":null}},"23":{"start":{"line":51,"column":2},"end":{"line":51,"column":null}}},"fnMap":{"0":{"name":"loadScene","decl":{"start":{"line":8,"column":65},"end":{"line":8,"column":null}},"loc":{"start":{"line":8,"column":65},"end":{"line":18,"column":null}},"line":8},"1":{"name":"(anonymous_1)","decl":{"start":{"line":12,"column":50},"end":{"line":12,"column":null}},"loc":{"start":{"line":12,"column":50},"end":{"line":12,"column":null}},"line":12},"2":{"name":"validateScene","decl":{"start":{"line":20,"column":16},"end":{"line":20,"column":30}},"loc":{"start":{"line":20,"column":53},"end":{"line":52,"column":null}},"line":20},"3":{"name":"(anonymous_3)","decl":{"start":{"line":29,"column":23},"end":{"line":29,"column":24}},"loc":{"start":{"line":29,"column":32},"end":{"line":41,"column":3}},"line":29},"4":{"name":"(anonymous_4)","decl":{"start":{"line":35,"column":26},"end":{"line":35,"column":27}},"loc":{"start":{"line":35,"column":35},"end":{"line":39,"column":7}},"line":35}},"branchMap":{"0":{"loc":{"start":{"line":21,"column":2},"end":{"line":23,"column":null}},"type":"if","locations":[{"start":{"line":21,"column":2},"end":{"line":23,"column":null}},{"start":{},"end":{}}],"line":21},"1":{"loc":{"start":{"line":21,"column":6},"end":{"line":21,"column":49}},"type":"binary-expr","locations":[{"start":{"line":21,"column":6},"end":{"line":21,"column":19}},{"start":{"line":21,"column":19},"end":{"line":21,"column":49}}],"line":21},"2":{"loc":{"start":{"line":30,"column":4},"end":{"line":40,"column":null}},"type":"if","locations":[{"start":{"line":30,"column":4},"end":{"line":40,"column":null}},{"start":{"line":32,"column":4},"end":{"line":40,"column":null}}],"line":30},"3":{"loc":{"start":{"line":32,"column":4},"end":{"line":40,"column":null}},"type":"if","locations":[{"start":{"line":32,"column":4},"end":{"line":40,"column":null}},{"start":{"line":34,"column":4},"end":{"line":40,"column":null}}],"line":32},"4":{"loc":{"start":{"line":34,"column":4},"end":{"line":40,"column":null}},"type":"if","locations":[{"start":{"line":34,"column":4},"end":{"line":40,"column":null}},{"start":{},"end":{}}],"line":34},"5":{"loc":{"start":{"line":36,"column":8},"end":{"line":38,"column":null}},"type":"if","locations":[{"start":{"line":36,"column":8},"end":{"line":38,"column":null}},{"start":{},"end":{}}],"line":36},"6":{"loc":{"start":{"line":45,"column":4},"end":{"line":48,"column":null}},"type":"if","locations":[{"start":{"line":45,"column":4},"end":{"line":48,"column":null}},{"start":{},"end":{}}],"line":45}},"s":{"0":2,"1":2,"2":1,"3":1,"4":1,"5":1,"6":8,"7":2,"8":6,"9":6,"10":6,"11":12,"12":4,"13":8,"14":4,"15":4,"16":3,"17":3,"18":2,"19":6,"20":6,"21":2,"22":2,"23":4},"f":{"0":2,"1":1,"2":8,"3":12,"4":3},"b":{"0":[2,6],"1":[8,7],"2":[4,8],"3":[4,4],"4":[3,1],"5":[2,1],"6":[2,4]},"meta":{"lastBranch":7,"lastFunction":5,"lastStatement":24,"seen":{"f:8:65:8:Infinity":0,"s:11:2:17:Infinity":0,"s:12:19:12:Infinity":1,"f:12:50:12:Infinity":1,"s:12:50:12:Infinity":2,"s:13:4:13:Infinity":3,"s:15:4:15:Infinity":4,"s:16:4:16:Infinity":5,"f:20:16:20:30":2,"b:21:2:23:Infinity:undefined:undefined:undefined:undefined":0,"s:21:2:23:Infinity":6,"b:21:6:21:19:21:19:21:49":1,"s:22:4:22:Infinity":7,"s:26:17:26:Infinity":8,"s:27:16:27:Infinity":9,"s:29:2:41:Infinity":10,"f:29:23:29:24":3,"b:30:4:40:Infinity:32:4:40:Infinity":2,"s:30:4:40:Infinity":11,"s:31:6:31:Infinity":12,"b:32:4:40:Infinity:34:4:40:Infinity":3,"s:32:4:40:Infinity":13,"s:33:6:33:Infinity":14,"b:34:4:40:Infinity:undefined:undefined:undefined:undefined":4,"s:34:4:40:Infinity":15,"s:35:6:39:Infinity":16,"f:35:26:35:27":4,"b:36:8:38:Infinity:undefined:undefined:undefined:undefined":5,"s:36:8:38:Infinity":17,"s:37:10:37:Infinity":18,"s:44:2:49:Infinity":19,"b:45:4:48:Infinity:undefined:undefined:undefined:undefined":6,"s:45:4:48:Infinity":20,"s:46:6:46:Infinity":21,"s:47:6:47:Infinity":22,"s:51:2:51:Infinity":23}}}
,"/workspaces/English_galgame/apps/web/src/engine/runtime.ts": {"path":"/workspaces/English_galgame/apps/web/src/engine/runtime.ts","statementMap":{"0":{"start":{"line":29,"column":32},"end":{"line":29,"column":null}},"1":{"start":{"line":31,"column":25},"end":{"line":31,"column":null}},"2":{"start":{"line":32,"column":40},"end":{"line":32,"column":null}},"3":{"start":{"line":33,"column":31},"end":{"line":33,"column":null}},"4":{"start":{"line":34,"column":62},"end":{"line":34,"column":null}},"5":{"start":{"line":37,"column":4},"end":{"line":45,"column":null}},"6":{"start":{"line":49,"column":4},"end":{"line":49,"column":null}},"7":{"start":{"line":50,"column":4},"end":{"line":50,"column":null}},"8":{"start":{"line":51,"column":4},"end":{"line":51,"column":null}},"9":{"start":{"line":52,"column":4},"end":{"line":52,"column":null}},"10":{"start":{"line":53,"column":4},"end":{"line":53,"column":null}},"11":{"start":{"line":56,"column":4},"end":{"line":60,"column":null}},"12":{"start":{"line":57,"column":6},"end":{"line":59,"column":null}},"13":{"start":{"line":58,"column":8},"end":{"line":58,"column":null}},"14":{"start":{"line":63,"column":4},"end":{"line":74,"column":null}},"15":{"start":{"line":64,"column":6},"end":{"line":73,"column":null}},"16":{"start":{"line":66,"column":8},"end":{"line":72,"column":null}},"17":{"start":{"line":78,"column":4},"end":{"line":78,"column":null}},"18":{"start":{"line":82,"column":4},"end":{"line":82,"column":null}},"19":{"start":{"line":86,"column":4},"end":{"line":88,"column":null}},"20":{"start":{"line":87,"column":6},"end":{"line":87,"column":null}},"21":{"start":{"line":89,"column":4},"end":{"line":89,"column":null}},"22":{"start":{"line":93,"column":4},"end":{"line":93,"column":null}},"23":{"start":{"line":93,"column":21},"end":{"line":93,"column":null}},"24":{"start":{"line":95,"column":4},"end":{"line":95,"column":null}},"25":{"start":{"line":96,"column":4},"end":{"line":96,"column":null}},"26":{"start":{"line":98,"column":16},"end":{"line":98,"column":null}},"27":{"start":{"line":99,"column":4},"end":{"line":101,"column":null}},"28":{"start":{"line":100,"column":6},"end":{"line":100,"column":null}},"29":{"start":{"line":103,"column":4},"end":{"line":103,"column":null}},"30":{"start":{"line":107,"column":18},"end":{"line":107,"column":null}},"31":{"start":{"line":108,"column":4},"end":{"line":112,"column":null}},"32":{"start":{"line":109,"column":6},"end":{"line":109,"column":null}},"33":{"start":{"line":110,"column":6},"end":{"line":110,"column":null}},"34":{"start":{"line":111,"column":6},"end":{"line":111,"column":null}},"35":{"start":{"line":113,"column":4},"end":{"line":113,"column":null}},"36":{"start":{"line":114,"column":4},"end":{"line":114,"column":null}},"37":{"start":{"line":118,"column":19},"end":{"line":118,"column":null}},"38":{"start":{"line":118,"column":48},"end":{"line":118,"column":67}},"39":{"start":{"line":119,"column":4},"end":{"line":122,"column":null}},"40":{"start":{"line":120,"column":6},"end":{"line":120,"column":null}},"41":{"start":{"line":121,"column":6},"end":{"line":121,"column":null}},"42":{"start":{"line":124,"column":4},"end":{"line":124,"column":null}},"43":{"start":{"line":127,"column":4},"end":{"line":146,"column":null}},"44":{"start":{"line":128,"column":6},"end":{"line":131,"column":null}},"45":{"start":{"line":129,"column":33},"end":{"line":129,"column":null}},"46":{"start":{"line":130,"column":8},"end":{"line":130,"column":null}},"47":{"start":{"line":133,"column":6},"end":{"line":141,"column":null}},"48":{"start":{"line":134,"column":8},"end":{"line":139,"column":null}},"49":{"start":{"line":135,"column":10},"end":{"line":138,"column":null}},"50":{"start":{"line":136,"column":12},"end":{"line":136,"column":null}},"51":{"start":{"line":137,"column":12},"end":{"line":137,"column":null}},"52":{"start":{"line":140,"column":8},"end":{"line":140,"column":null}},"53":{"start":{"line":143,"column":6},"end":{"line":145,"column":null}},"54":{"start":{"line":144,"column":8},"end":{"line":144,"column":null}},"55":{"start":{"line":149,"column":4},"end":{"line":153,"column":null}},"56":{"start":{"line":150,"column":6},"end":{"line":150,"column":null}},"57":{"start":{"line":152,"column":6},"end":{"line":152,"column":null}},"58":{"start":{"line":156,"column":4},"end":{"line":156,"column":null}},"59":{"start":{"line":160,"column":4},"end":{"line":166,"column":null}},"60":{"start":{"line":161,"column":6},"end":{"line":161,"column":null}},"61":{"start":{"line":162,"column":4},"end":{"line":166,"column":null}},"62":{"start":{"line":163,"column":6},"end":{"line":163,"column":null}},"63":{"start":{"line":165,"column":6},"end":{"line":165,"column":null}},"64":{"start":{"line":168,"column":4},"end":{"line":168,"column":null}},"65":{"start":{"line":172,"column":4},"end":{"line":185,"column":null}},"66":{"start":{"line":174,"column":8},"end":{"line":174,"column":null}},"67":{"start":{"line":175,"column":8},"end":{"line":175,"column":null}},"68":{"start":{"line":177,"column":8},"end":{"line":177,"column":null}},"69":{"start":{"line":178,"column":8},"end":{"line":178,"column":null}},"70":{"start":{"line":180,"column":8},"end":{"line":180,"column":null}},"71":{"start":{"line":181,"column":8},"end":{"line":181,"column":null}},"72":{"start":{"line":184,"column":8},"end":{"line":184,"column":null}},"73":{"start":{"line":192,"column":4},"end":{"line":192,"column":null}},"74":{"start":{"line":192,"column":21},"end":{"line":192,"column":null}},"75":{"start":{"line":195,"column":22},"end":{"line":195,"column":null}},"76":{"start":{"line":195,"column":56},"end":{"line":195,"column":72}},"77":{"start":{"line":196,"column":4},"end":{"line":196,"column":null}},"78":{"start":{"line":196,"column":20},"end":{"line":196,"column":null}},"79":{"start":{"line":199,"column":27},"end":{"line":199,"column":null}},"80":{"start":{"line":200,"column":21},"end":{"line":200,"column":null}},"81":{"start":{"line":201,"column":20},"end":{"line":201,"column":null}},"82":{"start":{"line":202,"column":19},"end":{"line":202,"column":null}},"83":{"start":{"line":204,"column":4},"end":{"line":211,"column":null}},"84":{"start":{"line":213,"column":4},"end":{"line":219,"column":null}},"85":{"start":{"line":226,"column":4},"end":{"line":226,"column":null}},"86":{"start":{"line":233,"column":19},"end":{"line":233,"column":null}},"87":{"start":{"line":234,"column":4},"end":{"line":236,"column":null}},"88":{"start":{"line":235,"column":6},"end":{"line":235,"column":null}},"89":{"start":{"line":243,"column":4},"end":{"line":243,"column":null}},"90":{"start":{"line":247,"column":4},"end":{"line":247,"column":null}},"91":{"start":{"line":251,"column":4},"end":{"line":251,"column":null}},"92":{"start":{"line":252,"column":4},"end":{"line":254,"column":null}},"93":{"start":{"line":253,"column":6},"end":{"line":253,"column":null}},"94":{"start":{"line":258,"column":21},"end":{"line":261,"column":null}},"95":{"start":{"line":262,"column":4},"end":{"line":262,"column":null}},"96":{"start":{"line":266,"column":4},"end":{"line":274,"column":null}},"97":{"start":{"line":267,"column":23},"end":{"line":267,"column":null}},"98":{"start":{"line":268,"column":6},"end":{"line":268,"column":null}},"99":{"start":{"line":269,"column":6},"end":{"line":269,"column":null}},"100":{"start":{"line":270,"column":6},"end":{"line":270,"column":null}},"101":{"start":{"line":272,"column":6},"end":{"line":272,"column":null}},"102":{"start":{"line":273,"column":6},"end":{"line":273,"column":null}},"103":{"start":{"line":278,"column":4},"end":{"line":285,"column":null}},"104":{"start":{"line":286,"column":4},"end":{"line":286,"column":null}}},"fnMap":{"0":{"name":"(anonymous_0)","decl":{"start":{"line":36,"column":2},"end":{"line":36,"column":14}},"loc":{"start":{"line":36,"column":49},"end":{"line":46,"column":null}},"line":36},"1":{"name":"(anonymous_1)","decl":{"start":{"line":48,"column":2},"end":{"line":48,"column":12}},"loc":{"start":{"line":48,"column":32},"end":{"line":75,"column":null}},"line":48},"2":{"name":"(anonymous_2)","decl":{"start":{"line":56,"column":25},"end":{"line":56,"column":26}},"loc":{"start":{"line":56,"column":41},"end":{"line":60,"column":5}},"line":56},"3":{"name":"(anonymous_3)","decl":{"start":{"line":63,"column":29},"end":{"line":63,"column":30}},"loc":{"start":{"line":63,"column":44},"end":{"line":74,"column":5}},"line":63},"4":{"name":"(anonymous_4)","decl":{"start":{"line":77,"column":2},"end":{"line":77,"column":14}},"loc":{"start":{"line":77,"column":36},"end":{"line":79,"column":null}},"line":77},"5":{"name":"(anonymous_5)","decl":{"start":{"line":81,"column":2},"end":{"line":81,"column":26}},"loc":{"start":{"line":81,"column":26},"end":{"line":83,"column":null}},"line":81},"6":{"name":"(anonymous_6)","decl":{"start":{"line":85,"column":2},"end":{"line":85,"column":44}},"loc":{"start":{"line":85,"column":44},"end":{"line":90,"column":null}},"line":85},"7":{"name":"(anonymous_7)","decl":{"start":{"line":92,"column":2},"end":{"line":92,"column":31}},"loc":{"start":{"line":92,"column":31},"end":{"line":104,"column":null}},"line":92},"8":{"name":"(anonymous_8)","decl":{"start":{"line":106,"column":2},"end":{"line":106,"column":7}},"loc":{"start":{"line":106,"column":32},"end":{"line":115,"column":null}},"line":106},"9":{"name":"(anonymous_9)","decl":{"start":{"line":117,"column":2},"end":{"line":117,"column":16}},"loc":{"start":{"line":117,"column":63},"end":{"line":157,"column":null}},"line":117},"10":{"name":"(anonymous_10)","decl":{"start":{"line":118,"column":39},"end":{"line":118,"column":40}},"loc":{"start":{"line":118,"column":48},"end":{"line":118,"column":67}},"line":118},"11":{"name":"(anonymous_11)","decl":{"start":{"line":134,"column":43},"end":{"line":134,"column":44}},"loc":{"start":{"line":134,"column":52},"end":{"line":139,"column":9}},"line":134},"12":{"name":"(anonymous_12)","decl":{"start":{"line":159,"column":2},"end":{"line":159,"column":14}},"loc":{"start":{"line":159,"column":57},"end":{"line":169,"column":null}},"line":159},"13":{"name":"(anonymous_13)","decl":{"start":{"line":171,"column":10},"end":{"line":171,"column":25}},"loc":{"start":{"line":171,"column":51},"end":{"line":186,"column":null}},"line":171},"14":{"name":"(anonymous_14)","decl":{"start":{"line":191,"column":10},"end":{"line":191,"column":32}},"loc":{"start":{"line":191,"column":55},"end":{"line":220,"column":null}},"line":191},"15":{"name":"(anonymous_15)","decl":{"start":{"line":195,"column":49},"end":{"line":195,"column":50}},"loc":{"start":{"line":195,"column":56},"end":{"line":195,"column":72}},"line":195},"16":{"name":"(anonymous_16)","decl":{"start":{"line":225,"column":2},"end":{"line":225,"column":57}},"loc":{"start":{"line":225,"column":57},"end":{"line":227,"column":null}},"line":225},"17":{"name":"(anonymous_17)","decl":{"start":{"line":232,"column":2},"end":{"line":232,"column":16}},"loc":{"start":{"line":232,"column":43},"end":{"line":237,"column":null}},"line":232},"18":{"name":"(anonymous_18)","decl":{"start":{"line":242,"column":2},"end":{"line":242,"column":26}},"loc":{"start":{"line":242,"column":26},"end":{"line":244,"column":null}},"line":242},"19":{"name":"(anonymous_19)","decl":{"start":{"line":246,"column":2},"end":{"line":246,"column":24}},"loc":{"start":{"line":246,"column":24},"end":{"line":248,"column":null}},"line":246},"20":{"name":"(anonymous_20)","decl":{"start":{"line":250,"column":2},"end":{"line":250,"column":11}},"loc":{"start":{"line":250,"column":44},"end":{"line":255,"column":null}},"line":250},"21":{"name":"(anonymous_21)","decl":{"start":{"line":257,"column":2},"end":{"line":257,"column":21}},"loc":{"start":{"line":257,"column":21},"end":{"line":263,"column":null}},"line":257},"22":{"name":"(anonymous_22)","decl":{"start":{"line":265,"column":2},"end":{"line":265,"column":11}},"loc":{"start":{"line":265,"column":42},"end":{"line":275,"column":null}},"line":265},"23":{"name":"(anonymous_23)","decl":{"start":{"line":277,"column":2},"end":{"line":277,"column":16}},"loc":{"start":{"line":277,"column":16},"end":{"line":287,"column":null}},"line":277}},"branchMap":{"0":{"loc":{"start":{"line":57,"column":6},"end":{"line":59,"column":null}},"type":"if","locations":[{"start":{"line":57,"column":6},"end":{"line":59,"column":null}},{"start":{},"end":{}}],"line":57},"1":{"loc":{"start":{"line":64,"column":6},"end":{"line":73,"column":null}},"type":"if","locations":[{"start":{"line":64,"column":6},"end":{"line":73,"column":null}},{"start":{},"end":{}}],"line":64},"2":{"loc":{"start":{"line":86,"column":4},"end":{"line":88,"column":null}},"type":"if","locations":[{"start":{"line":86,"column":4},"end":{"line":88,"column":null}},{"start":{},"end":{}}],"line":86},"3":{"loc":{"start":{"line":86,"column":8},"end":{"line":86,"column":70}},"type":"binary-expr","locations":[{"start":{"line":86,"column":8},"end":{"line":86,"column":23}},{"start":{"line":86,"column":23},"end":{"line":86,"column":70}}],"line":86},"4":{"loc":{"start":{"line":93,"column":4},"end":{"line":93,"column":null}},"type":"if","locations":[{"start":{"line":93,"column":4},"end":{"line":93,"column":null}},{"start":{},"end":{}}],"line":93},"5":{"loc":{"start":{"line":99,"column":4},"end":{"line":101,"column":null}},"type":"if","locations":[{"start":{"line":99,"column":4},"end":{"line":101,"column":null}},{"start":{},"end":{}}],"line":99},"6":{"loc":{"start":{"line":108,"column":4},"end":{"line":112,"column":null}},"type":"if","locations":[{"start":{"line":108,"column":4},"end":{"line":112,"column":null}},{"start":{},"end":{}}],"line":108},"7":{"loc":{"start":{"line":119,"column":4},"end":{"line":122,"column":null}},"type":"if","locations":[{"start":{"line":119,"column":4},"end":{"line":122,"column":null}},{"start":{},"end":{}}],"line":119},"8":{"loc":{"start":{"line":127,"column":4},"end":{"line":146,"column":null}},"type":"if","locations":[{"start":{"line":127,"column":4},"end":{"line":146,"column":null}},{"start":{},"end":{}}],"line":127},"9":{"loc":{"start":{"line":128,"column":6},"end":{"line":131,"column":null}},"type":"if","locations":[{"start":{"line":128,"column":6},"end":{"line":131,"column":null}},{"start":{},"end":{}}],"line":128},"10":{"loc":{"start":{"line":129,"column":33},"end":{"line":129,"column":null}},"type":"binary-expr","locations":[{"start":{"line":129,"column":33},"end":{"line":129,"column":68}},{"start":{"line":129,"column":68},"end":{"line":129,"column":null}}],"line":129},"11":{"loc":{"start":{"line":133,"column":6},"end":{"line":141,"column":null}},"type":"if","locations":[{"start":{"line":133,"column":6},"end":{"line":141,"column":null}},{"start":{},"end":{}}],"line":133},"12":{"loc":{"start":{"line":135,"column":10},"end":{"line":138,"column":null}},"type":"if","locations":[{"start":{"line":135,"column":10},"end":{"line":138,"column":null}},{"start":{},"end":{}}],"line":135},"13":{"loc":{"start":{"line":143,"column":6},"end":{"line":145,"column":null}},"type":"if","locations":[{"start":{"line":143,"column":6},"end":{"line":145,"column":null}},{"start":{},"end":{}}],"line":143},"14":{"loc":{"start":{"line":149,"column":4},"end":{"line":153,"column":null}},"type":"if","locations":[{"start":{"line":149,"column":4},"end":{"line":153,"column":null}},{"start":{"line":151,"column":11},"end":{"line":153,"column":null}}],"line":149},"15":{"loc":{"start":{"line":160,"column":4},"end":{"line":166,"column":null}},"type":"if","locations":[{"start":{"line":160,"column":4},"end":{"line":166,"column":null}},{"start":{"line":162,"column":4},"end":{"line":166,"column":null}}],"line":160},"16":{"loc":{"start":{"line":160,"column":8},"end":{"line":160,"column":39}},"type":"binary-expr","locations":[{"start":{"line":160,"column":8},"end":{"line":160,"column":19}},{"start":{"line":160,"column":19},"end":{"line":160,"column":39}}],"line":160},"17":{"loc":{"start":{"line":162,"column":4},"end":{"line":166,"column":null}},"type":"if","locations":[{"start":{"line":162,"column":4},"end":{"line":166,"column":null}},{"start":{"line":164,"column":11},"end":{"line":166,"column":null}}],"line":162},"18":{"loc":{"start":{"line":162,"column":15},"end":{"line":162,"column":44}},"type":"binary-expr","locations":[{"start":{"line":162,"column":15},"end":{"line":162,"column":27}},{"start":{"line":162,"column":27},"end":{"line":162,"column":44}}],"line":162},"19":{"loc":{"start":{"line":168,"column":53},"end":{"line":168,"column":81}},"type":"cond-expr","locations":[{"start":{"line":168,"column":63},"end":{"line":168,"column":75}},{"start":{"line":168,"column":75},"end":{"line":168,"column":81}}],"line":168},"20":{"loc":{"start":{"line":172,"column":4},"end":{"line":185,"column":null}},"type":"switch","locations":[{"start":{"line":173,"column":6},"end":{"line":175,"column":null}},{"start":{"line":176,"column":6},"end":{"line":178,"column":null}},{"start":{"line":179,"column":6},"end":{"line":181,"column":null}},{"start":{"line":183,"column":6},"end":{"line":184,"column":null}}],"line":172},"21":{"loc":{"start":{"line":192,"column":4},"end":{"line":192,"column":null}},"type":"if","locations":[{"start":{"line":192,"column":4},"end":{"line":192,"column":null}},{"start":{},"end":{}}],"line":192},"22":{"loc":{"start":{"line":196,"column":4},"end":{"line":196,"column":null}},"type":"if","locations":[{"start":{"line":196,"column":4},"end":{"line":196,"column":null}},{"start":{},"end":{}}],"line":196},"23":{"loc":{"start":{"line":200,"column":21},"end":{"line":200,"column":null}},"type":"binary-expr","locations":[{"start":{"line":200,"column":21},"end":{"line":200,"column":37}},{"start":{"line":200,"column":37},"end":{"line":200,"column":65}},{"start":{"line":200,"column":65},"end":{"line":200,"column":null}}],"line":200},"24":{"loc":{"start":{"line":201,"column":20},"end":{"line":201,"column":null}},"type":"binary-expr","locations":[{"start":{"line":201,"column":20},"end":{"line":201,"column":35}},{"start":{"line":201,"column":35},"end":{"line":201,"column":null}}],"line":201},"25":{"loc":{"start":{"line":234,"column":4},"end":{"line":236,"column":null}},"type":"if","locations":[{"start":{"line":234,"column":4},"end":{"line":236,"column":null}},{"start":{},"end":{}}],"line":234},"26":{"loc":{"start":{"line":252,"column":4},"end":{"line":254,"column":null}},"type":"if","locations":[{"start":{"line":252,"column":4},"end":{"line":254,"column":null}},{"start":{},"end":{}}],"line":252},"27":{"loc":{"start":{"line":269,"column":26},"end":{"line":269,"column":null}},"type":"binary-expr","locations":[{"start":{"line":269,"column":26},"end":{"line":269,"column":50}},{"start":{"line":269,"column":50},"end":{"line":269,"column":null}}],"line":269}},"s":{"0":35,"1":35,"2":35,"3":35,"4":35,"5":35,"6":28,"7":28,"8":28,"9":28,"10":28,"11":28,"12":192,"13":54,"14":28,"15":27,"16":27,"17":1,"18":2,"19":34,"20":4,"21":30,"22":15,"23":0,"24":15,"25":15,"26":15,"27":15,"28":14,"29":15,"30":12,"31":12,"32":11,"33":11,"34":11,"35":1,"36":1,"37":6,"38":9,"39":6,"40":1,"41":1,"42":5,"43":5,"44":5,"45":5,"46":5,"47":5,"48":3,"49":3,"50":3,"51":3,"52":3,"53":5,"54":2,"55":5,"56":3,"57":2,"58":5,"59":5,"60":2,"61":3,"62":1,"63":2,"64":5,"65":14,"66":3,"67":3,"68":2,"69":2,"70":1,"71":1,"72":8,"73":3,"74":0,"75":3,"76":2,"77":3,"78":1,"79":2,"80":2,"81":3,"82":3,"83":3,"84":3,"85":4,"86":1,"87":1,"88":1,"89":1,"90":21,"91":5,"92":5,"93":2,"94":1,"95":1,"96":2,"97":2,"98":2,"99":2,"100":2,"101":1,"102":1,"103":1,"104":1},"f":{"0":35,"1":28,"2":192,"3":27,"4":1,"5":2,"6":34,"7":15,"8":12,"9":6,"10":9,"11":3,"12":5,"13":14,"14":3,"15":2,"16":4,"17":1,"18":1,"19":21,"20":5,"21":1,"22":2,"23":1},"b":{"0":[54,138],"1":[27,0],"2":[4,30],"3":[34,33],"4":[0,15],"5":[14,1],"6":[11,1],"7":[1,5],"8":[5,0],"9":[5,0],"10":[5,5],"11":[3,2],"12":[3,0],"13":[2,3],"14":[3,2],"15":[2,3],"16":[5,3],"17":[1,2],"18":[3,2],"19":[3,2],"20":[3,2,1,8],"21":[0,3],"22":[1,2],"23":[2,2,0],"24":[3,2],"25":[1,0],"26":[2,3],"27":[2,0]},"meta":{"lastBranch":28,"lastFunction":24,"lastStatement":105,"seen":{"s:29:32:29:Infinity":0,"s:31:25:31:Infinity":1,"s:32:40:32:Infinity":2,"s:33:31:33:Infinity":3,"s:34:62:34:Infinity":4,"f:36:2:36:14":0,"s:37:4:45:Infinity":5,"f:48:2:48:12":1,"s:49:4:49:Infinity":6,"s:50:4:50:Infinity":7,"s:51:4:51:Infinity":8,"s:52:4:52:Infinity":9,"s:53:4:53:Infinity":10,"s:56:4:60:Infinity":11,"f:56:25:56:26":2,"b:57:6:59:Infinity:undefined:undefined:undefined:undefined":0,"s:57:6:59:Infinity":12,"s:58:8:58:Infinity":13,"s:63:4:74:Infinity":14,"f:63:29:63:30":3,"b:64:6:73:Infinity:undefined:undefined:undefined:undefined":1,"s:64:6:73:Infinity":15,"s:66:8:72:Infinity":16,"f:77:2:77:14":4,"s:78:4:78:Infinity":17,"f:81:2:81:26":5,"s:82:4:82:Infinity":18,"f:85:2:85:44":6,"b:86:4:88:Infinity:undefined:undefined:undefined:undefined":2,"s:86:4:88:Infinity":19,"b:86:8:86:23:86:23:86:70":3,"s:87:6:87:Infinity":20,"s:89:4:89:Infinity":21,"f:92:2:92:31":7,"b:93:4:93:Infinity:undefined:undefined:undefined:undefined":4,"s:93:4:93:Infinity":22,"s:93:21:93:Infinity":23,"s:95:4:95:Infinity":24,"s:96:4:96:Infinity":25,"s:98:16:98:Infinity":26,"b:99:4:101:Infinity:undefined:undefined:undefined:undefined":5,"s:99:4:101:Infinity":27,"s:100:6:100:Infinity":28,"s:103:4:103:Infinity":29,"f:106:2:106:7":8,"s:107:18:107:Infinity":30,"b:108:4:112:Infinity:undefined:undefined:undefined:undefined":6,"s:108:4:112:Infinity":31,"s:109:6:109:Infinity":32,"s:110:6:110:Infinity":33,"s:111:6:111:Infinity":34,"s:113:4:113:Infinity":35,"s:114:4:114:Infinity":36,"f:117:2:117:16":9,"s:118:19:118:Infinity":37,"f:118:39:118:40":10,"s:118:48:118:67":38,"b:119:4:122:Infinity:undefined:undefined:undefined:undefined":7,"s:119:4:122:Infinity":39,"s:120:6:120:Infinity":40,"s:121:6:121:Infinity":41,"s:124:4:124:Infinity":42,"b:127:4:146:Infinity:undefined:undefined:undefined:undefined":8,"s:127:4:146:Infinity":43,"b:128:6:131:Infinity:undefined:undefined:undefined:undefined":9,"s:128:6:131:Infinity":44,"s:129:33:129:Infinity":45,"b:129:33:129:68:129:68:129:Infinity":10,"s:130:8:130:Infinity":46,"b:133:6:141:Infinity:undefined:undefined:undefined:undefined":11,"s:133:6:141:Infinity":47,"s:134:8:139:Infinity":48,"f:134:43:134:44":11,"b:135:10:138:Infinity:undefined:undefined:undefined:undefined":12,"s:135:10:138:Infinity":49,"s:136:12:136:Infinity":50,"s:137:12:137:Infinity":51,"s:140:8:140:Infinity":52,"b:143:6:145:Infinity:undefined:undefined:undefined:undefined":13,"s:143:6:145:Infinity":53,"s:144:8:144:Infinity":54,"b:149:4:153:Infinity:151:11:153:Infinity":14,"s:149:4:153:Infinity":55,"s:150:6:150:Infinity":56,"s:152:6:152:Infinity":57,"s:156:4:156:Infinity":58,"f:159:2:159:14":12,"b:160:4:166:Infinity:162:4:166:Infinity":15,"s:160:4:166:Infinity":59,"b:160:8:160:19:160:19:160:39":16,"s:161:6:161:Infinity":60,"b:162:4:166:Infinity:164:11:166:Infinity":17,"s:162:4:166:Infinity":61,"b:162:15:162:27:162:27:162:44":18,"s:163:6:163:Infinity":62,"s:165:6:165:Infinity":63,"s:168:4:168:Infinity":64,"b:168:63:168:75:168:75:168:81":19,"f:171:10:171:25":13,"b:173:6:175:Infinity:176:6:178:Infinity:179:6:181:Infinity:183:6:184:Infinity":20,"s:172:4:185:Infinity":65,"s:174:8:174:Infinity":66,"s:175:8:175:Infinity":67,"s:177:8:177:Infinity":68,"s:178:8:178:Infinity":69,"s:180:8:180:Infinity":70,"s:181:8:181:Infinity":71,"s:184:8:184:Infinity":72,"f:191:10:191:32":14,"b:192:4:192:Infinity:undefined:undefined:undefined:undefined":21,"s:192:4:192:Infinity":73,"s:192:21:192:Infinity":74,"s:195:22:195:Infinity":75,"f:195:49:195:50":15,"s:195:56:195:72":76,"b:196:4:196:Infinity:undefined:undefined:undefined:undefined":22,"s:196:4:196:Infinity":77,"s:196:20:196:Infinity":78,"s:199:27:199:Infinity":79,"s:200:21:200:Infinity":80,"b:200:21:200:37:200:37:200:65:200:65:200:Infinity":23,"s:201:20:201:Infinity":81,"b:201:20:201:35:201:35:201:Infinity":24,"s:202:19:202:Infinity":82,"s:204:4:211:Infinity":83,"s:213:4:219:Infinity":84,"f:225:2:225:57":16,"s:226:4:226:Infinity":85,"f:232:2:232:16":17,"s:233:19:233:Infinity":86,"b:234:4:236:Infinity:undefined:undefined:undefined:undefined":25,"s:234:4:236:Infinity":87,"s:235:6:235:Infinity":88,"f:242:2:242:26":18,"s:243:4:243:Infinity":89,"f:246:2:246:24":19,"s:247:4:247:Infinity":90,"f:250:2:250:11":20,"s:251:4:251:Infinity":91,"b:252:4:254:Infinity:undefined:undefined:undefined:undefined":26,"s:252:4:254:Infinity":92,"s:253:6:253:Infinity":93,"f:257:2:257:21":21,"s:258:21:261:Infinity":94,"s:262:4:262:Infinity":95,"f:265:2:265:11":22,"s:266:4:274:Infinity":96,"s:267:23:267:Infinity":97,"s:268:6:268:Infinity":98,"s:269:6:269:Infinity":99,"b:269:26:269:50:269:50:269:Infinity":27,"s:270:6:270:Infinity":100,"s:272:6:272:Infinity":101,"s:273:6:273:Infinity":102,"f:277:2:277:16":23,"s:278:4:285:Infinity":103,"s:286:4:286:Infinity":104}}}
,"/workspaces/English_galgame/apps/web/src/engine/srs.ts": {"path":"/workspaces/English_galgame/apps/web/src/engine/srs.ts","statementMap":{"0":{"start":{"line":9,"column":43},"end":{"line":9,"column":null}},"1":{"start":{"line":12,"column":4},"end":{"line":14,"column":null}},"2":{"start":{"line":13,"column":6},"end":{"line":13,"column":null}},"3":{"start":{"line":18,"column":4},"end":{"line":18,"column":null}},"4":{"start":{"line":22,"column":16},"end":{"line":22,"column":null}},"5":{"start":{"line":23,"column":4},"end":{"line":26,"column":null}},"6":{"start":{"line":24,"column":6},"end":{"line":24,"column":null}},"7":{"start":{"line":24,"column":38},"end":{"line":24,"column":null}},"8":{"start":{"line":25,"column":6},"end":{"line":25,"column":null}},"9":{"start":{"line":31,"column":17},"end":{"line":31,"column":null}},"10":{"start":{"line":32,"column":4},"end":{"line":32,"column":null}},"11":{"start":{"line":32,"column":15},"end":{"line":32,"column":null}},"12":{"start":{"line":34,"column":29},"end":{"line":34,"column":null}},"13":{"start":{"line":35,"column":18},"end":{"line":35,"column":null}},"14":{"start":{"line":36,"column":20},"end":{"line":36,"column":null}},"15":{"start":{"line":38,"column":4},"end":{"line":46,"column":null}},"16":{"start":{"line":40,"column":6},"end":{"line":40,"column":null}},"17":{"start":{"line":41,"column":6},"end":{"line":41,"column":null}},"18":{"start":{"line":44,"column":6},"end":{"line":44,"column":null}},"19":{"start":{"line":45,"column":6},"end":{"line":45,"column":null}},"20":{"start":{"line":49,"column":25},"end":{"line":49,"column":null}},"21":{"start":{"line":50,"column":23},"end":{"line":50,"column":null}},"22":{"start":{"line":51,"column":4},"end":{"line":51,"column":null}},"23":{"start":{"line":53,"column":4},"end":{"line":58,"column":null}},"24":{"start":{"line":62,"column":4},"end":{"line":62,"column":null}},"25":{"start":{"line":62,"column":22},"end":{"line":62,"column":null}},"26":{"start":{"line":63,"column":4},"end":{"line":63,"column":null}},"27":{"start":{"line":63,"column":22},"end":{"line":63,"column":null}},"28":{"start":{"line":64,"column":4},"end":{"line":64,"column":null}},"29":{"start":{"line":64,"column":22},"end":{"line":64,"column":null}},"30":{"start":{"line":67,"column":19},"end":{"line":67,"column":null}},"31":{"start":{"line":68,"column":4},"end":{"line":70,"column":null}},"32":{"start":{"line":68,"column":17},"end":{"line":68,"column":20}},"33":{"start":{"line":69,"column":6},"end":{"line":69,"column":null}},"34":{"start":{"line":72,"column":4},"end":{"line":72,"column":null}},"35":{"start":{"line":81,"column":18},"end":{"line":81,"column":null}},"36":{"start":{"line":82,"column":16},"end":{"line":82,"column":null}},"37":{"start":{"line":84,"column":4},"end":{"line":92,"column":null}},"38":{"start":{"line":87,"column":15},"end":{"line":87,"column":null}},"39":{"start":{"line":89,"column":31},"end":{"line":89,"column":54}},"40":{"start":{"line":90,"column":36},"end":{"line":90,"column":84}}},"fnMap":{"0":{"name":"(anonymous_0)","decl":{"start":{"line":11,"column":2},"end":{"line":11,"column":12}},"loc":{"start":{"line":11,"column":39},"end":{"line":15,"column":null}},"line":11},"1":{"name":"(anonymous_1)","decl":{"start":{"line":12,"column":18},"end":{"line":12,"column":19}},"loc":{"start":{"line":12,"column":28},"end":{"line":14,"column":5}},"line":12},"2":{"name":"(anonymous_2)","decl":{"start":{"line":17,"column":2},"end":{"line":17,"column":10}},"loc":{"start":{"line":17,"column":46},"end":{"line":19,"column":null}},"line":17},"3":{"name":"(anonymous_3)","decl":{"start":{"line":21,"column":2},"end":{"line":21,"column":30}},"loc":{"start":{"line":21,"column":30},"end":{"line":27,"column":null}},"line":21},"4":{"name":"(anonymous_4)","decl":{"start":{"line":23,"column":50},"end":{"line":23,"column":51}},"loc":{"start":{"line":23,"column":60},"end":{"line":26,"column":5}},"line":23},"5":{"name":"(anonymous_5)","decl":{"start":{"line":29,"column":2},"end":{"line":29,"column":13}},"loc":{"start":{"line":29,"column":48},"end":{"line":59,"column":null}},"line":29},"6":{"name":"(anonymous_6)","decl":{"start":{"line":61,"column":10},"end":{"line":61,"column":28}},"loc":{"start":{"line":61,"column":66},"end":{"line":73,"column":null}},"line":61},"7":{"name":"(anonymous_7)","decl":{"start":{"line":75,"column":2},"end":{"line":75,"column":null}},"loc":{"start":{"line":80,"column":4},"end":{"line":93,"column":null}},"line":80},"8":{"name":"(anonymous_8)","decl":{"start":{"line":87,"column":8},"end":{"line":87,"column":9}},"loc":{"start":{"line":87,"column":15},"end":{"line":87,"column":null}},"line":87},"9":{"name":"(anonymous_9)","decl":{"start":{"line":89,"column":24},"end":{"line":89,"column":25}},"loc":{"start":{"line":89,"column":31},"end":{"line":89,"column":54}},"line":89},"10":{"name":"(anonymous_10)","decl":{"start":{"line":90,"column":29},"end":{"line":90,"column":30}},"loc":{"start":{"line":90,"column":36},"end":{"line":90,"column":84}},"line":90}},"branchMap":{"0":{"loc":{"start":{"line":24,"column":6},"end":{"line":24,"column":null}},"type":"if","locations":[{"start":{"line":24,"column":6},"end":{"line":24,"column":null}},{"start":{},"end":{}}],"line":24},"1":{"loc":{"start":{"line":32,"column":4},"end":{"line":32,"column":null}},"type":"if","locations":[{"start":{"line":32,"column":4},"end":{"line":32,"column":null}},{"start":{},"end":{}}],"line":32},"2":{"loc":{"start":{"line":38,"column":4},"end":{"line":46,"column":null}},"type":"if","locations":[{"start":{"line":38,"column":4},"end":{"line":46,"column":null}},{"start":{"line":42,"column":11},"end":{"line":46,"column":null}}],"line":38},"3":{"loc":{"start":{"line":62,"column":4},"end":{"line":62,"column":null}},"type":"if","locations":[{"start":{"line":62,"column":4},"end":{"line":62,"column":null}},{"start":{},"end":{}}],"line":62},"4":{"loc":{"start":{"line":63,"column":4},"end":{"line":63,"column":null}},"type":"if","locations":[{"start":{"line":63,"column":4},"end":{"line":63,"column":null}},{"start":{},"end":{}}],"line":63},"5":{"loc":{"start":{"line":64,"column":4},"end":{"line":64,"column":null}},"type":"if","locations":[{"start":{"line":64,"column":4},"end":{"line":64,"column":null}},{"start":{},"end":{}}],"line":64},"6":{"loc":{"start":{"line":87,"column":15},"end":{"line":87,"column":null}},"type":"binary-expr","locations":[{"start":{"line":87,"column":15},"end":{"line":87,"column":41}},{"start":{"line":87,"column":41},"end":{"line":87,"column":null}}],"line":87},"7":{"loc":{"start":{"line":90,"column":36},"end":{"line":90,"column":84}},"type":"binary-expr","locations":[{"start":{"line":90,"column":36},"end":{"line":90,"column":62}},{"start":{"line":90,"column":62},"end":{"line":90,"column":84}}],"line":90}},"s":{"0":16,"1":16,"2":30,"3":14,"4":3,"5":3,"6":4,"7":1,"8":3,"9":25,"10":25,"11":1,"12":24,"13":24,"14":24,"15":24,"16":12,"17":12,"18":12,"19":12,"20":24,"21":24,"22":24,"23":24,"24":24,"25":12,"26":12,"27":3,"28":9,"29":1,"30":8,"31":8,"32":8,"33":36,"34":8,"35":3,"36":3,"37":3,"38":5,"39":5,"40":5},"f":{"0":16,"1":30,"2":14,"3":3,"4":4,"5":25,"6":24,"7":3,"8":5,"9":5,"10":5},"b":{"0":[1,3],"1":[1,24],"2":[12,12],"3":[12,12],"4":[3,9],"5":[1,8],"6":[5,4],"7":[5,3]},"meta":{"lastBranch":8,"lastFunction":11,"lastStatement":41,"seen":{"s:9:43:9:Infinity":0,"f:11:2:11:12":0,"s:12:4:14:Infinity":1,"f:12:18:12:19":1,"s:13:6:13:Infinity":2,"f:17:2:17:10":2,"s:18:4:18:Infinity":3,"f:21:2:21:30":3,"s:22:16:22:Infinity":4,"s:23:4:26:Infinity":5,"f:23:50:23:51":4,"b:24:6:24:Infinity:undefined:undefined:undefined:undefined":0,"s:24:6:24:Infinity":6,"s:24:38:24:Infinity":7,"s:25:6:25:Infinity":8,"f:29:2:29:13":5,"s:31:17:31:Infinity":9,"b:32:4:32:Infinity:undefined:undefined:undefined:undefined":1,"s:32:4:32:Infinity":10,"s:32:15:32:Infinity":11,"s:34:29:34:Infinity":12,"s:35:18:35:Infinity":13,"s:36:20:36:Infinity":14,"b:38:4:46:Infinity:42:11:46:Infinity":2,"s:38:4:46:Infinity":15,"s:40:6:40:Infinity":16,"s:41:6:41:Infinity":17,"s:44:6:44:Infinity":18,"s:45:6:45:Infinity":19,"s:49:25:49:Infinity":20,"s:50:23:50:Infinity":21,"s:51:4:51:Infinity":22,"s:53:4:58:Infinity":23,"f:61:10:61:28":6,"b:62:4:62:Infinity:undefined:undefined:undefined:undefined":3,"s:62:4:62:Infinity":24,"s:62:22:62:Infinity":25,"b:63:4:63:Infinity:undefined:undefined:undefined:undefined":4,"s:63:4:63:Infinity":26,"s:63:22:63:Infinity":27,"b:64:4:64:Infinity:undefined:undefined:undefined:undefined":5,"s:64:4:64:Infinity":28,"s:64:22:64:Infinity":29,"s:67:19:67:Infinity":30,"s:68:4:70:Infinity":31,"s:68:17:68:20":32,"s:69:6:69:Infinity":33,"s:72:4:72:Infinity":34,"f:75:2:75:Infinity":7,"s:81:18:81:Infinity":35,"s:82:16:82:Infinity":36,"s:84:4:92:Infinity":37,"f:87:8:87:9":8,"s:87:15:87:Infinity":38,"b:87:15:87:41:87:41:87:Infinity":6,"f:89:24:89:25":9,"s:89:31:89:54":39,"f:90:29:90:30":10,"s:90:36:90:84":40,"b:90:36:90:62:90:62:90:84":7}}}
,"/workspaces/English_galgame/apps/web/src/lessons/chap1_cards.json": {"path":"/workspaces/English_galgame/apps/web/src/lessons/chap1_cards.json","statementMap":{},"fnMap":{},"branchMap":{},"s":{},"f":{},"b":{},"meta":{"lastBranch":0,"lastFunction":0,"lastStatement":0,"seen":{}}}
}
