TN:
SF:src/components/ChoiceList.tsx
FN:14,(anonymous_0)
FN:24,(anonymous_1)
FN:31,(anonymous_2)
FNF:3
FNH:3
FNDA:10,(anonymous_0)
FNDA:25,(anonymous_1)
FNDA:6,(anonymous_2)
DA:14,1
DA:15,10
DA:17,10
DA:25,25
DA:26,25
DA:28,25
DA:31,6
LF:7
LH:7
BRDA:15,0,0,9
BRDA:15,0,1,1
BRDA:25,1,0,22
BRDA:25,1,1,3
BRDA:26,2,0,22
BRDA:26,2,1,3
BRF:6
BRH:6
end_of_record
TN:
SF:src/components/DialogueBox.tsx
FN:14,(anonymous_0)
FNF:1
FNH:1
FNDA:7,(anonymous_0)
DA:14,1
DA:15,7
DA:16,7
DA:22,7
LF:4
LH:4
BRDA:15,0,0,6
BRDA:15,0,1,1
BRDA:16,1,0,6
BRDA:16,1,1,1
BRDA:17,2,0,5
BRDA:17,2,1,1
BRDA:25,3,0,7
BRDA:25,3,1,6
BRDA:35,4,0,7
BRDA:35,4,1,6
BRF:10
BRH:10
end_of_record
TN:
SF:src/engine/cardLoader.ts
FN:13,loadLessonCards
FN:20,filterLearnedCards
FN:24,(anonymous_2)
FNF:3
FNH:3
FNDA:4,loadLessonCards
FNDA:5,filterLearnedCards
FNDA:12,(anonymous_2)
DA:9,1
DA:14,4
DA:15,4
DA:16,4
DA:17,4
DA:24,12
LF:6
LH:6
BRDA:15,0,0,4
BRDA:15,0,1,1
BRF:2
BRH:2
end_of_record
TN:
SF:src/engine/loader.ts
FN:8,loadScene
FN:12,(anonymous_1)
FN:20,validateScene
FN:29,(anonymous_3)
FN:35,(anonymous_4)
FNF:5
FNH:5
FNDA:2,loadScene
FNDA:1,(anonymous_1)
FNDA:8,validateScene
FNDA:12,(anonymous_3)
FNDA:3,(anonymous_4)
DA:11,2
DA:12,2
DA:13,1
DA:15,1
DA:16,1
DA:21,8
DA:22,2
DA:26,6
DA:27,6
DA:29,6
DA:30,12
DA:31,4
DA:32,8
DA:33,4
DA:34,4
DA:35,3
DA:36,3
DA:37,2
DA:44,6
DA:45,6
DA:46,2
DA:47,2
DA:51,4
LF:23
LH:23
BRDA:21,0,0,2
BRDA:21,0,1,6
BRDA:21,1,0,8
BRDA:21,1,1,7
BRDA:30,2,0,4
BRDA:30,2,1,8
BRDA:32,3,0,4
BRDA:32,3,1,4
BRDA:34,4,0,3
BRDA:34,4,1,1
BRDA:36,5,0,2
BRDA:36,5,1,1
BRDA:45,6,0,2
BRDA:45,6,1,4
BRF:14
BRH:14
end_of_record
TN:
SF:src/engine/runtime.ts
FN:36,(anonymous_0)
FN:48,(anonymous_1)
FN:56,(anonymous_2)
FN:63,(anonymous_3)
FN:77,(anonymous_4)
FN:81,(anonymous_5)
FN:85,(anonymous_6)
FN:92,(anonymous_7)
FN:106,(anonymous_8)
FN:117,(anonymous_9)
FN:118,(anonymous_10)
FN:134,(anonymous_11)
FN:159,(anonymous_12)
FN:171,(anonymous_13)
FN:191,(anonymous_14)
FN:195,(anonymous_15)
FN:225,(anonymous_16)
FN:232,(anonymous_17)
FN:242,(anonymous_18)
FN:246,(anonymous_19)
FN:250,(anonymous_20)
FN:257,(anonymous_21)
FN:265,(anonymous_22)
FN:277,(anonymous_23)
FNF:24
FNH:24
FNDA:35,(anonymous_0)
FNDA:28,(anonymous_1)
FNDA:192,(anonymous_2)
FNDA:27,(anonymous_3)
FNDA:1,(anonymous_4)
FNDA:2,(anonymous_5)
FNDA:34,(anonymous_6)
FNDA:15,(anonymous_7)
FNDA:12,(anonymous_8)
FNDA:6,(anonymous_9)
FNDA:9,(anonymous_10)
FNDA:3,(anonymous_11)
FNDA:5,(anonymous_12)
FNDA:14,(anonymous_13)
FNDA:3,(anonymous_14)
FNDA:2,(anonymous_15)
FNDA:4,(anonymous_16)
FNDA:1,(anonymous_17)
FNDA:1,(anonymous_18)
FNDA:21,(anonymous_19)
FNDA:5,(anonymous_20)
FNDA:1,(anonymous_21)
FNDA:2,(anonymous_22)
FNDA:1,(anonymous_23)
DA:29,35
DA:31,35
DA:32,35
DA:33,35
DA:34,35
DA:37,35
DA:49,28
DA:50,28
DA:51,28
DA:52,28
DA:53,28
DA:56,28
DA:57,192
DA:58,54
DA:63,28
DA:64,27
DA:66,27
DA:78,1
DA:82,2
DA:86,34
DA:87,4
DA:89,30
DA:93,15
DA:95,15
DA:96,15
DA:98,15
DA:99,15
DA:100,14
DA:103,15
DA:107,12
DA:108,12
DA:109,11
DA:110,11
DA:111,11
DA:113,1
DA:114,1
DA:118,9
DA:119,6
DA:120,1
DA:121,1
DA:124,5
DA:127,5
DA:128,5
DA:129,5
DA:130,5
DA:133,5
DA:134,3
DA:135,3
DA:136,3
DA:137,3
DA:140,3
DA:143,5
DA:144,2
DA:149,5
DA:150,3
DA:152,2
DA:156,5
DA:160,5
DA:161,2
DA:162,3
DA:163,1
DA:165,2
DA:168,5
DA:172,14
DA:174,3
DA:175,3
DA:177,2
DA:178,2
DA:180,1
DA:181,1
DA:184,8
DA:192,3
DA:195,3
DA:196,3
DA:199,2
DA:200,2
DA:201,3
DA:202,3
DA:204,3
DA:213,3
DA:226,4
DA:233,1
DA:234,1
DA:235,1
DA:243,1
DA:247,21
DA:251,5
DA:252,5
DA:253,2
DA:258,1
DA:262,1
DA:266,2
DA:267,2
DA:268,2
DA:269,2
DA:270,2
DA:272,1
DA:273,1
DA:278,1
DA:286,1
LF:100
LH:100
BRDA:57,0,0,54
BRDA:57,0,1,138
BRDA:64,1,0,27
BRDA:64,1,1,0
BRDA:86,2,0,4
BRDA:86,2,1,30
BRDA:86,3,0,34
BRDA:86,3,1,33
BRDA:93,4,0,0
BRDA:93,4,1,15
BRDA:99,5,0,14
BRDA:99,5,1,1
BRDA:108,6,0,11
BRDA:108,6,1,1
BRDA:119,7,0,1
BRDA:119,7,1,5
BRDA:127,8,0,5
BRDA:127,8,1,0
BRDA:128,9,0,5
BRDA:128,9,1,0
BRDA:129,10,0,5
BRDA:129,10,1,5
BRDA:133,11,0,3
BRDA:133,11,1,2
BRDA:135,12,0,3
BRDA:135,12,1,0
BRDA:143,13,0,2
BRDA:143,13,1,3
BRDA:149,14,0,3
BRDA:149,14,1,2
BRDA:160,15,0,2
BRDA:160,15,1,3
BRDA:160,16,0,5
BRDA:160,16,1,3
BRDA:162,17,0,1
BRDA:162,17,1,2
BRDA:162,18,0,3
BRDA:162,18,1,2
BRDA:168,19,0,3
BRDA:168,19,1,2
BRDA:172,20,0,3
BRDA:172,20,1,2
BRDA:172,20,2,1
BRDA:172,20,3,8
BRDA:192,21,0,0
BRDA:192,21,1,3
BRDA:196,22,0,1
BRDA:196,22,1,2
BRDA:200,23,0,2
BRDA:200,23,1,2
BRDA:200,23,2,0
BRDA:201,24,0,3
BRDA:201,24,1,2
BRDA:234,25,0,1
BRDA:234,25,1,0
BRDA:252,26,0,2
BRDA:252,26,1,3
BRDA:269,27,0,2
BRDA:269,27,1,0
BRF:59
BRH:50
end_of_record
TN:
SF:src/engine/srs.ts
FN:11,(anonymous_0)
FN:12,(anonymous_1)
FN:17,(anonymous_2)
FN:21,(anonymous_3)
FN:23,(anonymous_4)
FN:29,(anonymous_5)
FN:61,(anonymous_6)
FN:75,(anonymous_7)
FN:87,(anonymous_8)
FN:89,(anonymous_9)
FN:90,(anonymous_10)
FNF:11
FNH:11
FNDA:16,(anonymous_0)
FNDA:30,(anonymous_1)
FNDA:14,(anonymous_2)
FNDA:3,(anonymous_3)
FNDA:4,(anonymous_4)
FNDA:25,(anonymous_5)
FNDA:24,(anonymous_6)
FNDA:3,(anonymous_7)
FNDA:5,(anonymous_8)
FNDA:5,(anonymous_9)
FNDA:5,(anonymous_10)
DA:9,16
DA:12,16
DA:13,30
DA:18,14
DA:22,3
DA:23,3
DA:24,4
DA:25,3
DA:31,25
DA:32,25
DA:34,24
DA:35,24
DA:36,24
DA:38,24
DA:40,12
DA:41,12
DA:44,12
DA:45,12
DA:49,24
DA:50,24
DA:51,24
DA:53,24
DA:62,24
DA:63,12
DA:64,9
DA:67,8
DA:68,8
DA:69,36
DA:72,8
DA:81,3
DA:82,3
DA:84,3
DA:87,5
DA:89,5
DA:90,5
LF:35
LH:35
BRDA:24,0,0,1
BRDA:24,0,1,3
BRDA:32,1,0,1
BRDA:32,1,1,24
BRDA:38,2,0,12
BRDA:38,2,1,12
BRDA:62,3,0,12
BRDA:62,3,1,12
BRDA:63,4,0,3
BRDA:63,4,1,9
BRDA:64,5,0,1
BRDA:64,5,1,8
BRDA:87,6,0,5
BRDA:87,6,1,4
BRDA:90,7,0,5
BRDA:90,7,1,3
BRF:16
BRH:16
end_of_record
TN:
SF:src/lessons/chap1_cards.json
FNF:0
FNH:0
LF:0
LH:0
BRF:0
BRH:0
end_of_record
